This is XeTeX, Version 3.14159265-2.6-0.99998 (TeX Live 2017/Debian) (preloaded format=xelatex 2019.5.20)  7 JUN 2019 10:36
entering extended mode
 restricted \write18 enabled.
 %&-line parsing enabled.
**report.tex
(./report.tex
LaTeX2e <2017-04-15>
Babel <3.18> and hyphenation patterns for 18 language(s) loaded.
(/usr/share/texlive/texmf-dist/tex/latex/extsizes/extreport.cls
Document Class: extreport 1996/10/08 v1.0 Non Standard LaTeX document class
(/usr/share/texlive/texmf-dist/tex/latex/extsizes/size14.clo
File: size14.clo 1999/11/11 v1.4a NON-Standard LaTeX file (size option)
)
(/usr/share/texlive/texmf-dist/tex/latex/base/exscale.sty
Package: exscale 2014/09/29 v2.1h Standard LaTeX package exscale
LaTeX Font Info:    Redeclaring symbol font `largesymbols' on input line 57.
LaTeX Font Info:    Overwriting symbol font `largesymbols' in version `normal'
(Font)                  OMX/cmex/m/n --> OMX/cmex/m/n on input line 57.
LaTeX Font Info:    Overwriting symbol font `largesymbols' in version `bold'
(Font)                  OMX/cmex/m/n --> OMX/cmex/m/n on input line 57.
\big@size=\dimen102
)
\c@part=\count79
\c@chapter=\count80
\c@section=\count81
\c@subsection=\count82
\c@subsubsection=\count83
\c@paragraph=\count84
\c@subparagraph=\count85
\c@figure=\count86
\c@table=\count87
\abovecaptionskip=\skip41
\belowcaptionskip=\skip42
\bibindent=\dimen103
)
(/usr/share/texlive/texmf-dist/tex/latex/fontspec/fontspec.sty
(/usr/share/texlive/texmf-dist/tex/latex/l3packages/xparse/xparse.sty
(/usr/share/texlive/texmf-dist/tex/latex/l3kernel/expl3.sty
Package: expl3 2018/02/21 L3 programming layer (loader) 

(/usr/share/texlive/texmf-dist/tex/latex/l3kernel/expl3-code.tex
Package: expl3 2018/02/21 L3 programming layer (code)
\c_max_int=\count88
\l_tmpa_int=\count89
\l_tmpb_int=\count90
\g_tmpa_int=\count91
\g_tmpb_int=\count92
\g__intarray_font_int=\count93
\g__prg_map_int=\count94
\c_log_iow=\count95
\l_iow_line_count_int=\count96
\l__iow_line_target_int=\count97
\l__iow_one_indent_int=\count98
\l__iow_indent_int=\count99
\c_zero_dim=\dimen104
\c_max_dim=\dimen105
\l_tmpa_dim=\dimen106
\l_tmpb_dim=\dimen107
\g_tmpa_dim=\dimen108
\g_tmpb_dim=\dimen109
\c_zero_skip=\skip43
\c_max_skip=\skip44
\l_tmpa_skip=\skip45
\l_tmpb_skip=\skip46
\g_tmpa_skip=\skip47
\g_tmpb_skip=\skip48
\c_zero_muskip=\muskip10
\c_max_muskip=\muskip11
\l_tmpa_muskip=\muskip12
\l_tmpb_muskip=\muskip13
\g_tmpa_muskip=\muskip14
\g_tmpb_muskip=\muskip15
\l_keys_choice_int=\count100
\c__fp_leading_shift_int=\count101
\c__fp_middle_shift_int=\count102
\c__fp_trailing_shift_int=\count103
\c__fp_big_leading_shift_int=\count104
\c__fp_big_middle_shift_int=\count105
\c__fp_big_trailing_shift_int=\count106
\c__fp_Bigg_leading_shift_int=\count107
\c__fp_Bigg_middle_shift_int=\count108
\c__fp_Bigg_trailing_shift_int=\count109
\l__sort_length_int=\count110
\l__sort_min_int=\count111
\l__sort_top_int=\count112
\l__sort_max_int=\count113
\l__sort_true_max_int=\count114
\l__sort_block_int=\count115
\l__sort_begin_int=\count116
\l__sort_end_int=\count117
\l__sort_A_int=\count118
\l__sort_B_int=\count119
\l__sort_C_int=\count120
\l__tl_build_start_index_int=\count121
\l__tl_build_index_int=\count122
\l__tl_analysis_normal_int=\count123
\l__tl_analysis_index_int=\count124
\l__tl_analysis_nesting_int=\count125
\l__tl_analysis_type_int=\count126
\l__regex_internal_a_int=\count127
\l__regex_internal_b_int=\count128
\l__regex_internal_c_int=\count129
\l__regex_balance_int=\count130
\l__regex_group_level_int=\count131
\l__regex_mode_int=\count132
\c__regex_cs_in_class_mode_int=\count133
\c__regex_cs_mode_int=\count134
\l__regex_catcodes_int=\count135
\l__regex_default_catcodes_int=\count136
\c__regex_catcode_L_int=\count137
\c__regex_catcode_O_int=\count138
\c__regex_catcode_A_int=\count139
\c__regex_all_catcodes_int=\count140
\l__regex_show_lines_int=\count141
\l__regex_min_state_int=\count142
\l__regex_max_state_int=\count143
\l__regex_left_state_int=\count144
\l__regex_right_state_int=\count145
\l__regex_capturing_group_int=\count146
\l__regex_min_pos_int=\count147
\l__regex_max_pos_int=\count148
\l__regex_curr_pos_int=\count149
\l__regex_start_pos_int=\count150
\l__regex_success_pos_int=\count151
\l__regex_curr_char_int=\count152
\l__regex_curr_catcode_int=\count153
\l__regex_last_char_int=\count154
\l__regex_case_changed_char_int=\count155
\l__regex_curr_state_int=\count156
\l__regex_step_int=\count157
\l__regex_min_active_int=\count158
\l__regex_max_active_int=\count159
\l__regex_replacement_csnames_int=\count160
\l__regex_match_count_int=\count161
\l__regex_min_submatch_int=\count162
\l__regex_submatch_int=\count163
\l__regex_zeroth_submatch_int=\count164
\g__regex_trace_regex_int=\count165
\c_empty_box=\box26
\l_tmpa_box=\box27
\l_tmpb_box=\box28
\g_tmpa_box=\box29
\g_tmpb_box=\box30
\l__box_top_dim=\dimen110
\l__box_bottom_dim=\dimen111
\l__box_left_dim=\dimen112
\l__box_right_dim=\dimen113
\l__box_top_new_dim=\dimen114
\l__box_bottom_new_dim=\dimen115
\l__box_left_new_dim=\dimen116
\l__box_right_new_dim=\dimen117
\l__box_internal_box=\box31
\l__coffin_internal_box=\box32
\l__coffin_internal_dim=\dimen118
\l__coffin_offset_x_dim=\dimen119
\l__coffin_offset_y_dim=\dimen120
\l__coffin_x_dim=\dimen121
\l__coffin_y_dim=\dimen122
\l__coffin_x_prime_dim=\dimen123
\l__coffin_y_prime_dim=\dimen124
\c_empty_coffin=\box33
\l__coffin_aligned_coffin=\box34
\l__coffin_aligned_internal_coffin=\box35
\l_tmpa_coffin=\box36
\l_tmpb_coffin=\box37
\l__coffin_display_coffin=\box38
\l__coffin_display_coord_coffin=\box39
\l__coffin_display_pole_coffin=\box40
\l__coffin_display_offset_dim=\dimen125
\l__coffin_display_x_dim=\dimen126
\l__coffin_display_y_dim=\dimen127
\l__coffin_bounding_shift_dim=\dimen128
\l__coffin_left_corner_dim=\dimen129
\l__coffin_right_corner_dim=\dimen130
\l__coffin_bottom_corner_dim=\dimen131
\l__coffin_top_corner_dim=\dimen132
\l__coffin_scaled_total_height_dim=\dimen133
\l__coffin_scaled_width_dim=\dimen134
)
(/usr/share/texlive/texmf-dist/tex/latex/l3kernel/l3xdvipdfmx.def
File: l3xdvidpfmx.def 2017/03/18 v L3 Experimental driver: xdvipdfmx
\g__driver_image_int=\count166
\l__driver_tmp_box=\box41
))
Package: xparse 2018/02/21 L3 Experimental document command parser
\l__xparse_current_arg_int=\count167
\g__xparse_grabber_int=\count168
\l__xparse_m_args_int=\count169
\l__xparse_mandatory_args_int=\count170
\l__xparse_v_nesting_int=\count171
)
Package: fontspec 2017/11/09 v2.6g Font selection for XeLaTeX and LuaLaTeX

(/usr/share/texlive/texmf-dist/tex/latex/fontspec/fontspec-xetex.sty
Package: fontspec-xetex 2017/11/09 v2.6g Font selection for XeLaTeX and LuaLaTe
X
\l__fontspec_script_int=\count172
\l__fontspec_language_int=\count173
\l__fontspec_strnum_int=\count174
\l__fontspec_tmp_int=\count175
\l__fontspec_em_int=\count176
\l__fontspec_emdef_int=\count177
\l__fontspec_strong_int=\count178
\l__fontspec_strongdef_int=\count179
\l__fontspec_tmpa_dim=\dimen135
\l__fontspec_tmpb_dim=\dimen136
\l__fontspec_tmpc_dim=\dimen137
\g__file_internal_ior=\read1

(/usr/share/texlive/texmf-dist/tex/latex/base/fontenc.sty
Package: fontenc 2017/04/05 v2.0i Standard LaTeX package

(/usr/share/texlive/texmf-dist/tex/latex/base/tuenc.def
File: tuenc.def 2017/04/05 v2.0i Standard LaTeX file
LaTeX Font Info:    Redeclaring font encoding TU on input line 82.
))
.................................................
. LaTeX info: "xparse/define-command"
. 
. Defining command \fontspec with sig. 'O{}mO{}' on line 542.
.................................................
.................................................
. LaTeX info: "xparse/define-command"
. 
. Defining command \setmainfont with sig. 'O{}mO{}' on line 546.
.................................................
.................................................
. LaTeX info: "xparse/define-command"
. 
. Defining command \setsansfont with sig. 'O{}mO{}' on line 550.
.................................................
.................................................
. LaTeX info: "xparse/define-command"
. 
. Defining command \setmonofont with sig. 'O{}mO{}' on line 554.
.................................................
.................................................
. LaTeX info: "xparse/define-command"
. 
. Defining command \setmathrm with sig. 'O{}mO{}' on line 558.
.................................................
.................................................
. LaTeX info: "xparse/define-command"
. 
. Defining command \setboldmathrm with sig. 'O{}mO{}' on line 562.
.................................................
.................................................
. LaTeX info: "xparse/define-command"
. 
. Defining command \setmathsf with sig. 'O{}mO{}' on line 566.
.................................................
.................................................
. LaTeX info: "xparse/define-command"
. 
. Defining command \setmathtt with sig. 'O{}mO{}' on line 570.
.................................................
.................................................
. LaTeX info: "xparse/define-command"
. 
. Defining command \setromanfont with sig. 'O{}mO{}' on line 574.
.................................................
.................................................
. LaTeX info: "xparse/define-command"
. 
. Defining command \newfontfamily with sig. 'mO{}mO{}' on line 578.
.................................................
.................................................
. LaTeX info: "xparse/define-command"
. 
. Defining command \newfontface with sig. 'mO{}mO{}' on line 582.
.................................................
.................................................
. LaTeX info: "xparse/define-command"
. 
. Defining command \defaultfontfeatures with sig. 't+om' on line 586.
.................................................
.................................................
. LaTeX info: "xparse/define-command"
. 
. Defining command \addfontfeatures with sig. 'm' on line 590.
.................................................
.................................................
. LaTeX info: "xparse/define-command"
. 
. Defining command \addfontfeature with sig. 'm' on line 594.
.................................................
.................................................
. LaTeX info: "xparse/define-command"
. 
. Defining command \newfontfeature with sig. 'mm' on line 598.
.................................................
.................................................
. LaTeX info: "xparse/define-command"
. 
. Defining command \newAATfeature with sig. 'mmmm' on line 602.
.................................................
.................................................
. LaTeX info: "xparse/define-command"
. 
. Defining command \newopentypefeature with sig. 'mmm' on line 606.
.................................................
.................................................
. LaTeX info: "xparse/define-command"
. 
. Defining command \newICUfeature with sig. 'mmm' on line 610.
.................................................
.................................................
. LaTeX info: "xparse/define-command"
. 
. Defining command \aliasfontfeature with sig. 'mm' on line 614.
.................................................
.................................................
. LaTeX info: "xparse/define-command"
. 
. Defining command \aliasfontfeatureoption with sig. 'mmm' on line 618.
.................................................
.................................................
. LaTeX info: "xparse/define-command"
. 
. Defining command \newfontscript with sig. 'mm' on line 622.
.................................................
.................................................
. LaTeX info: "xparse/define-command"
. 
. Defining command \newfontlanguage with sig. 'mm' on line 626.
.................................................
.................................................
. LaTeX info: "xparse/define-command"
. 
. Defining command \DeclareFontsExtensions with sig. 'm' on line 630.
.................................................
.................................................
. LaTeX info: "xparse/define-command"
. 
. Defining command \IfFontFeatureActiveTF with sig. 'mmm' on line 634.
.................................................
.................................................
. LaTeX info: "xparse/define-command"
. 
. Defining command \EncodingCommand with sig. 'mO{}m' on line 3632.
.................................................
.................................................
. LaTeX info: "xparse/define-command"
. 
. Defining command \EncodingAccent with sig. 'mm' on line 3638.
.................................................
.................................................
. LaTeX info: "xparse/define-command"
. 
. Defining command \EncodingSymbol with sig. 'mm' on line 3644.
.................................................
.................................................
. LaTeX info: "xparse/define-command"
. 
. Defining command \EncodingComposite with sig. 'mmm' on line 3650.
.................................................
.................................................
. LaTeX info: "xparse/define-command"
. 
. Defining command \EncodingCompositeCommand with sig. 'mmm' on line 3656.
.................................................
.................................................
. LaTeX info: "xparse/define-command"
. 
. Defining command \DeclareUnicodeEncoding with sig. 'mm' on line 3681.
.................................................
.................................................
. LaTeX info: "xparse/define-command"
. 
. Defining command \UndeclareSymbol with sig. 'm' on line 3687.
.................................................
.................................................
. LaTeX info: "xparse/define-command"
. 
. Defining command \UndeclareAccent with sig. 'm' on line 3693.
.................................................
.................................................
. LaTeX info: "xparse/define-command"
. 
. Defining command \UndeclareCommand with sig. 'm' on line 3699.
.................................................
.................................................
. LaTeX info: "xparse/define-command"
. 
. Defining command \UndeclareComposite with sig. 'mm' on line 3706.
.................................................

(/usr/share/texlive/texmf-dist/tex/latex/fontspec/fontspec.cfg)
LaTeX Info: Redefining \itshape on input line 3891.
LaTeX Info: Redefining \slshape on input line 3896.
LaTeX Info: Redefining \scshape on input line 3901.
LaTeX Info: Redefining \upshape on input line 3906.
LaTeX Info: Redefining \em on input line 3936.
LaTeX Info: Redefining \emph on input line 3961.
LaTeX Info: Redefining \- on input line 4015.
.................................................
. LaTeX info: "xparse/redefine-command"
. 
. Redefining command \oldstylenums with sig. 'm' on line 4110.
.................................................
.................................................
. LaTeX info: "xparse/define-command"
. 
. Defining command \liningnums with sig. 'm' on line 4114.
.................................................
))
.................................................
. fontspec info: "no-scripts"
. 
. Font "Times New Roman" does not contain any OpenType `Script' information.
.................................................
\g__fontspec_family_TimesNewRoman_int=\count180
.................................................
. fontspec info: "defining-font"
. 
. Font family 'TimesNewRoman(0)' created for font 'Times New Roman' with
. options [Ligatures=TeX].
.  
.  This font family consists of the following NFSS series/shapes:
.  
. - 'normal' (m/n) with NFSS spec.: <->"Times New Roman/OT:mapping=tex-text;"
. - 'small caps'  (m/sc) with NFSS spec.: 
. - 'bold' (bx/n) with NFSS spec.: <->"Times New Roman/B/OT:mapping=tex-text;"
. - 'bold small caps'  (bx/sc) with NFSS spec.: 
. - 'italic' (m/it) with NFSS spec.: <->"Times New
. Roman/I/OT:mapping=tex-text;"
. - 'italic small caps'  (m/itsc) with NFSS spec.: 
. - 'bold italic' (bx/it) with NFSS spec.: <->"Times New
. Roman/BI/OT:mapping=tex-text;"
. - 'bold italic small caps'  (bx/itsc) with NFSS spec.: 
.................................................
LaTeX Info: Redefining \rmfamily on input line 16.

(/usr/share/texlive/texmf-dist/tex/latex/mathtools/mathtools.sty
Package: mathtools 2018/01/08 v1.21 mathematical typesetting tools

(/usr/share/texlive/texmf-dist/tex/latex/graphics/keyval.sty
Package: keyval 2014/10/28 v1.15 key=value parser (DPC)
\KV@toks@=\toks14
)
(/usr/share/texlive/texmf-dist/tex/latex/tools/calc.sty
Package: calc 2014/10/28 v4.3 Infix arithmetic (KKT,FJ)
\calc@Acount=\count181
\calc@Bcount=\count182
\calc@Adimen=\dimen138
\calc@Bdimen=\dimen139
\calc@Askip=\skip49
\calc@Bskip=\skip50
LaTeX Info: Redefining \setlength on input line 80.
LaTeX Info: Redefining \addtolength on input line 81.
\calc@Ccount=\count183
\calc@Cskip=\skip51
)
(/usr/share/texlive/texmf-dist/tex/latex/mathtools/mhsetup.sty
Package: mhsetup 2017/03/31 v1.3 programming setup (MH)
)
(/usr/share/texlive/texmf-dist/tex/latex/amsmath/amsmath.sty
Package: amsmath 2017/09/02 v2.17a AMS math features
\@mathmargin=\skip52

For additional information on amsmath, use the `?' option.
(/usr/share/texlive/texmf-dist/tex/latex/amsmath/amstext.sty
Package: amstext 2000/06/29 v2.01 AMS text

(/usr/share/texlive/texmf-dist/tex/latex/amsmath/amsgen.sty
File: amsgen.sty 1999/11/30 v2.0 generic functions
\@emptytoks=\toks15
\ex@=\dimen140
))
(/usr/share/texlive/texmf-dist/tex/latex/amsmath/amsbsy.sty
Package: amsbsy 1999/11/29 v1.2d Bold Symbols
\pmbraise@=\dimen141
)
(/usr/share/texlive/texmf-dist/tex/latex/amsmath/amsopn.sty
Package: amsopn 2016/03/08 v2.02 operator names
)
\inf@bad=\count184
LaTeX Info: Redefining \frac on input line 213.
\uproot@=\count185
\leftroot@=\count186
LaTeX Info: Redefining \overline on input line 375.
\classnum@=\count187
\DOTSCASE@=\count188
LaTeX Info: Redefining \ldots on input line 472.
LaTeX Info: Redefining \dots on input line 475.
LaTeX Info: Redefining \cdots on input line 596.
\Mathstrutbox@=\box42
\strutbox@=\box43
\big@size=\dimen142
LaTeX Font Info:    Redeclaring font encoding OML on input line 712.
LaTeX Font Info:    Redeclaring font encoding OMS on input line 713.
\macc@depth=\count189
\c@MaxMatrixCols=\count190
\dotsspace@=\muskip16
\c@parentequation=\count191
\dspbrk@lvl=\count192
\tag@help=\toks16
\row@=\count193
\column@=\count194
\maxfields@=\count195
\andhelp@=\toks17
\eqnshift@=\dimen143
\alignsep@=\dimen144
\tagshift@=\dimen145
\tagwidth@=\dimen146
\totwidth@=\dimen147
\lineht@=\dimen148
\@envbody=\toks18
\multlinegap=\skip53
\multlinetaggap=\skip54
\mathdisplay@stack=\toks19
LaTeX Info: Redefining \[ on input line 2817.
LaTeX Info: Redefining \] on input line 2818.
)
LaTeX Info: Thecontrolsequence`\('isalreadyrobust on input line 129.
LaTeX Info: Thecontrolsequence`\)'isalreadyrobust on input line 129.
LaTeX Info: Thecontrolsequence`\['isalreadyrobust on input line 129.
LaTeX Info: Thecontrolsequence`\]'isalreadyrobust on input line 129.
\g_MT_multlinerow_int=\count196
\l_MT_multwidth_dim=\dimen149
\origjot=\skip55
\l_MT_shortvdotswithinadjustabove_dim=\dimen150
\l_MT_shortvdotswithinadjustbelow_dim=\dimen151
\l_MT_above_intertext_sep=\dimen152
\l_MT_below_intertext_sep=\dimen153
\l_MT_above_shortintertext_sep=\dimen154
\l_MT_below_shortintertext_sep=\dimen155
)
(/usr/share/texlive/texmf-dist/tex/latex/graphics/graphicx.sty
Package: graphicx 2017/06/01 v1.1a Enhanced LaTeX Graphics (DPC,SPQR)

(/usr/share/texlive/texmf-dist/tex/latex/graphics/graphics.sty
Package: graphics 2017/06/25 v1.2c Standard LaTeX Graphics (DPC,SPQR)

(/usr/share/texlive/texmf-dist/tex/latex/graphics/trig.sty
Package: trig 2016/01/03 v1.10 sin cos tan (DPC)
)
(/usr/share/texlive/texmf-dist/tex/latex/graphics-cfg/graphics.cfg
File: graphics.cfg 2016/06/04 v1.11 sample graphics configuration
)
Package graphics Info: Driver file: xetex.def on input line 99.

(/usr/share/texlive/texmf-dist/tex/latex/graphics-def/xetex.def
File: xetex.def 2017/06/24 v5.0h Graphics/color driver for xetex
))
\Gin@req@height=\dimen156
\Gin@req@width=\dimen157
)
(/usr/share/texlive/texmf-dist/tex/latex/caption/subcaption.sty
Package: subcaption 2016/05/22 v1.1-161 Sub-captions (AR)

(/usr/share/texlive/texmf-dist/tex/latex/caption/caption.sty
Package: caption 2016/02/21 v3.3-144 Customizing captions (AR)

(/usr/share/texlive/texmf-dist/tex/latex/caption/caption3.sty
Package: caption3 2016/05/22 v1.7-166 caption3 kernel (AR)
Package caption3 Info: TeX engine: e-TeX on input line 67.
\captionmargin=\dimen158
\captionmargin@=\dimen159
\captionwidth=\dimen160
\caption@tempdima=\dimen161
\caption@indent=\dimen162
\caption@parindent=\dimen163
\caption@hangindent=\dimen164
)
\c@ContinuedFloat=\count197
)
\c@subfigure=\count198
\c@subtable=\count199
)
(/usr/share/texlive/texmf-dist/tex/generic/babel/babel.sty
Package: babel 2018/02/14 3.18 The Babel package

(/usr/share/texlive/texmf-dist/tex/generic/babel/switch.def
File: switch.def 2018/02/14 3.18 Babel switching mechanism
)
(/usr/share/texlive/texmf-dist/tex/generic/babel-russian/russianb.ldf
Language: russian 2017/08/12 1.3j Russian support for the Babel system

(/usr/share/texlive/texmf-dist/tex/generic/babel/babel.def
File: babel.def 2018/02/14 3.18 Babel common definitions
\babel@savecnt=\count266
\U@D=\dimen165

(/usr/share/texlive/texmf-dist/tex/generic/babel/xebabel.def
(/usr/share/texlive/texmf-dist/tex/generic/babel/txtbabel.def))
\bbl@dirlevel=\count267
)
Package babel Info: Making " an active character on input line 120.
Package babel Info: Default for \cyrdash is provided on input line 157.
))
(/usr/share/texlive/texmf-dist/tex/latex/tools/tabularx.sty
Package: tabularx 2016/02/03 v2.11 `tabularx' package (DPC)

(/usr/share/texlive/texmf-dist/tex/latex/tools/array.sty
Package: array 2016/10/06 v2.4d Tabular extension package (FMi)
\col@sep=\dimen166
\extrarowheight=\dimen167
\NC@list=\toks20
\extratabsurround=\skip56
\backup@length=\skip57
)
\TX@col@width=\dimen168
\TX@old@table=\dimen169
\TX@old@col=\dimen170
\TX@target=\dimen171
\TX@delta=\dimen172
\TX@cols=\count268
\TX@ftn=\toks21
)
Package caption Info: We need package `newfloat' on input line 46.

(/usr/share/texlive/texmf-dist/tex/latex/caption/newfloat.sty
Package: newfloat 2015/09/17 v1.1-109 Defining new floating environments (AR)
)
(/usr/share/texlive/texmf-dist/tex/latex/enumitem/enumitem.sty
Package: enumitem 2011/09/28 v3.5.2 Customized lists
\labelindent=\skip58
\enit@outerparindent=\dimen173
\enit@toks=\toks22
\enit@inbox=\box44
\enitdp@description=\count269
)
(/usr/share/texlive/texmf-dist/tex/latex/tools/indentfirst.sty
Package: indentfirst 1995/11/23 v1.03 Indent first paragraph (DPC)
)
(/usr/share/texlive/texmf-dist/tex/latex/hyphenat/hyphenat.sty
Package: hyphenat 2009/09/02 v2.3c hyphenation utilities
\langwohyphens=\language18
LaTeX Info: Redefining \_ on input line 43.
)
(/usr/share/texlive/texmf-dist/tex/latex/url/url.sty
\Urlmuskip=\muskip17
Package: url 2013/09/16  ver 3.4  Verb mode for urls, etc.
)
(/usr/share/texlive/texmf-dist/tex/latex/microtype/microtype.sty
Package: microtype 2018/01/14 v2.7a Micro-typographical refinements (RS)
\MT@toks=\toks23
\MT@count=\count270
LaTeX Info: Redefining \textls on input line 793.
\MT@outer@kern=\dimen174
LaTeX Info: Redefining \textmicrotypecontext on input line 1339.
\MT@listname@count=\count271

(/usr/share/texlive/texmf-dist/tex/latex/microtype/microtype-xetex.def
File: microtype-xetex.def 2018/01/14 v2.7a Definitions specific to xetex (RS)
LaTeX Info: Redefining \lsstyle on input line 256.
)
Package microtype Info: Loading configuration file microtype.cfg.

(/usr/share/texlive/texmf-dist/tex/latex/microtype/microtype.cfg
File: microtype.cfg 2018/01/14 v2.7a microtype main configuration file (RS)
))
(/usr/share/texlive/texmf-dist/tex/latex/vmargin/vmargin.sty
Package: vmargin 2004/07/15 V2.5 set document margins (VK)

Package: vmargin 2004/07/15 V2.5 set document margins (VK)
\PaperWidth=\dimen175
\PaperHeight=\dimen176
) (/usr/share/texlive/texmf-dist/tex/latex/geometry/geometry.sty
Package: geometry 2010/09/12 v5.6 Page Geometry

(/usr/share/texlive/texmf-dist/tex/generic/oberdiek/ifpdf.sty
Package: ifpdf 2017/03/15 v3.2 Provides the ifpdf switch
)
(/usr/share/texlive/texmf-dist/tex/generic/oberdiek/ifvtex.sty
Package: ifvtex 2016/05/16 v1.6 Detect VTeX and its facilities (HO)
Package ifvtex Info: VTeX not detected.
)
(/usr/share/texlive/texmf-dist/tex/generic/ifxetex/ifxetex.sty
Package: ifxetex 2010/09/12 v0.6 Provides ifxetex conditional
)
\Gm@cnth=\count272
\Gm@cntv=\count273
\c@Gm@tempcnt=\count274
\Gm@bindingoffset=\dimen177
\Gm@wd@mp=\dimen178
\Gm@odd@mp=\dimen179
\Gm@even@mp=\dimen180
\Gm@layoutwidth=\dimen181
\Gm@layoutheight=\dimen182
\Gm@layouthoffset=\dimen183
\Gm@layoutvoffset=\dimen184
\Gm@dimlist=\toks24
)
(/usr/share/texlive/texmf-dist/tex/latex/titlesec/titlesec.sty
Package: titlesec 2016/03/21 v2.10.2 Sectioning titles
\ttl@box=\box45
\beforetitleunit=\skip59
\aftertitleunit=\skip60
\ttl@plus=\dimen185
\ttl@minus=\dimen186
\ttl@toksa=\toks25
\titlewidth=\dimen187
\titlewidthlast=\dimen188
\titlewidthfirst=\dimen189
)
(/usr/share/texlive/texmf-dist/tex/latex/lipsum/lipsum.sty
Package: lipsum 2014/07/27 v1.3 150 paragraphs of Lorem Ipsum dummy text
\c@lips@count=\count275
)
(/usr/share/texlive/texmf-dist/tex/latex/koma-script/tocstyle.sty
Package: tocstyle 2017/02/23 v0.2i-alpha KOMA-Script package (versatile toc sty
les)


Package tocstyle Warning: THIS IS AN ALPHA VERSION!
(tocstyle)                USAGE OF THIS VERSION IS ON YOUR OWN RISK!
(tocstyle)                EVERYTHING MAY HAPPEN!
(tocstyle)                EVERYTHING MAY CHANGE IN FUTURE!
(tocstyle)                THERE IS NO SUPPORT, IF YOU USE THIS PACKAGE!
(tocstyle)                Maybe it would be better, not to load this package.

\tocstyle@indentstyle=\count276
Package tocstyle Info: no tocstyle.cfg found on input line 942.
) (/usr/share/texlive/texmf-dist/tex/latex/float/float.sty
Package: float 2001/11/08 v1.3d Float enhancements (AL)
\c@float@type=\count277
\float@exts=\toks26
\float@box=\box46
\@float@everytoks=\toks27
\@floatcapt=\box47
)
(/usr/share/texlive/texmf-dist/tex/latex/lastpage/lastpage.sty
Package: lastpage 2015/03/29 v1.2m Refers to last page's name (HMM; JPG)
)
(/usr/share/texlive/texmf-dist/tex/latex/etoolbox/etoolbox.sty
Package: etoolbox 2018/02/11 v2.5e e-TeX tools for LaTeX (JAW)
\etb@tempcnta=\count278
)
\c@totfigures=\count279
\c@tottables=\count280

(/usr/share/texlive/texmf-dist/tex/latex/tools/layout.sty
Package: layout 2014/10/28 v1.2c Show layout parameters
\oneinch=\count281
\cnt@paperwidth=\count282
\cnt@paperheight=\count283
\cnt@hoffset=\count284
\cnt@voffset=\count285
\cnt@textheight=\count286
\cnt@textwidth=\count287
\cnt@topmargin=\count288
\cnt@oddsidemargin=\count289
\cnt@evensidemargin=\count290
\cnt@headheight=\count291
\cnt@headsep=\count292
\cnt@marginparsep=\count293
\cnt@marginparwidth=\count294
\cnt@marginparpush=\count295
\cnt@footskip=\count296
\fheight=\count297
\ref@top=\count298
\ref@hoffset=\count299
\ref@voffset=\count300
\ref@head=\count301
\ref@body=\count302
\ref@foot=\count303
\ref@margin=\count304
\ref@marginwidth=\count305
\ref@marginpar=\count306
\Interval=\count307
\ExtraYPos=\count308
\PositionX=\count309
\PositionY=\count310
\ArrowLength=\count311
) (./report.aux)
\openout1 = `report.aux'.

LaTeX Font Info:    Checking defaults for OML/cmm/m/it on input line 235.
LaTeX Font Info:    ... okay on input line 235.
LaTeX Font Info:    Checking defaults for T1/cmr/m/n on input line 235.
LaTeX Font Info:    ... okay on input line 235.
LaTeX Font Info:    Checking defaults for OT1/cmr/m/n on input line 235.
LaTeX Font Info:    ... okay on input line 235.
LaTeX Font Info:    Checking defaults for OMS/cmsy/m/n on input line 235.
LaTeX Font Info:    ... okay on input line 235.
LaTeX Font Info:    Checking defaults for TU/lmr/m/n on input line 235.
LaTeX Font Info:    ... okay on input line 235.
LaTeX Font Info:    Checking defaults for OMX/cmex/m/n on input line 235.
LaTeX Font Info:    ... okay on input line 235.
LaTeX Font Info:    Checking defaults for U/cmr/m/n on input line 235.
LaTeX Font Info:    ... okay on input line 235.
.................................................
. fontspec info: "setup-math"
. 
. Adjusting the maths setup (use [no-math] to avoid this).
.................................................
\symlegacymaths=\mathgroup4
LaTeX Font Info:    Overwriting symbol font `legacymaths' in version `bold'
(Font)                  OT1/cmr/m/n --> OT1/cmr/bx/n on input line 235.
LaTeX Font Info:    Redeclaring math accent \acute on input line 235.
LaTeX Font Info:    Redeclaring math accent \grave on input line 235.
LaTeX Font Info:    Redeclaring math accent \ddot on input line 235.
LaTeX Font Info:    Redeclaring math accent \tilde on input line 235.
LaTeX Font Info:    Redeclaring math accent \bar on input line 235.
LaTeX Font Info:    Redeclaring math accent \breve on input line 235.
LaTeX Font Info:    Redeclaring math accent \check on input line 235.
LaTeX Font Info:    Redeclaring math accent \hat on input line 235.
LaTeX Font Info:    Redeclaring math accent \dot on input line 235.
LaTeX Font Info:    Redeclaring math accent \mathring on input line 235.
LaTeX Font Info:    Redeclaring math symbol \Gamma on input line 235.
LaTeX Font Info:    Redeclaring math symbol \Delta on input line 235.
LaTeX Font Info:    Redeclaring math symbol \Theta on input line 235.
LaTeX Font Info:    Redeclaring math symbol \Lambda on input line 235.
LaTeX Font Info:    Redeclaring math symbol \Xi on input line 235.
LaTeX Font Info:    Redeclaring math symbol \Pi on input line 235.
LaTeX Font Info:    Redeclaring math symbol \Sigma on input line 235.
LaTeX Font Info:    Redeclaring math symbol \Upsilon on input line 235.
LaTeX Font Info:    Redeclaring math symbol \Phi on input line 235.
LaTeX Font Info:    Redeclaring math symbol \Psi on input line 235.
LaTeX Font Info:    Redeclaring math symbol \Omega on input line 235.
LaTeX Font Info:    Redeclaring math symbol \mathdollar on input line 235.
LaTeX Font Info:    Redeclaring symbol font `operators' on input line 235.
LaTeX Font Info:    Encoding `OT1' has changed to `TU' for symbol font
(Font)              `operators' in the math version `normal' on input line 235.

LaTeX Font Info:    Overwriting symbol font `operators' in version `normal'
(Font)                  OT1/cmr/m/n --> TU/TimesNewRoman(0)/m/n on input line 2
35.
LaTeX Font Info:    Encoding `OT1' has changed to `TU' for symbol font
(Font)              `operators' in the math version `bold' on input line 235.
LaTeX Font Info:    Overwriting symbol font `operators' in version `bold'
(Font)                  OT1/cmr/bx/n --> TU/TimesNewRoman(0)/m/n on input line 
235.
LaTeX Font Info:    Overwriting symbol font `operators' in version `normal'
(Font)                  TU/TimesNewRoman(0)/m/n --> TU/TimesNewRoman(0)/m/n on 
input line 235.
LaTeX Font Info:    Overwriting math alphabet `\mathit' in version `normal'
(Font)                  OT1/cmr/m/it --> TU/TimesNewRoman(0)/m/it on input line
 235.
LaTeX Font Info:    Overwriting math alphabet `\mathbf' in version `normal'
(Font)                  OT1/cmr/bx/n --> TU/TimesNewRoman(0)/bx/n on input line
 235.
LaTeX Font Info:    Overwriting math alphabet `\mathsf' in version `normal'
(Font)                  OT1/cmss/m/n --> TU/lmss/m/n on input line 235.
LaTeX Font Info:    Overwriting math alphabet `\mathtt' in version `normal'
(Font)                  OT1/cmtt/m/n --> TU/lmtt/m/n on input line 235.
LaTeX Font Info:    Overwriting symbol font `operators' in version `bold'
(Font)                  TU/TimesNewRoman(0)/m/n --> TU/TimesNewRoman(0)/bx/n on
 input line 235.
LaTeX Font Info:    Overwriting math alphabet `\mathit' in version `bold'
(Font)                  OT1/cmr/bx/it --> TU/TimesNewRoman(0)/bx/it on input li
ne 235.
LaTeX Font Info:    Overwriting math alphabet `\mathsf' in version `bold'
(Font)                  OT1/cmss/bx/n --> TU/lmss/bx/n on input line 235.
LaTeX Font Info:    Overwriting math alphabet `\mathtt' in version `bold'
(Font)                  OT1/cmtt/m/n --> TU/lmtt/bx/n on input line 235.
Package caption Info: Begin \AtBeginDocument code.
Package caption Info: float package is loaded.
Package caption Info: End \AtBeginDocument code.
LaTeX Info: Redefining \microtypecontext on input line 235.
Package microtype Info: Character protrusion enabled (level 2).
Package microtype Info: Using default protrusion set `alltext'.
Package microtype Info: No adjustment of tracking.
Package microtype Info: No adjustment of spacing.
Package microtype Info: No adjustment of kerning.
Package microtype Info: Loading generic protrusion settings for font family
(microtype)             `TimesNewRoman' (encoding: TU).
(microtype)             For optimal results, create family-specific settings.
(microtype)             See the microtype manual for details.

*geometry* driver: auto-detecting
*geometry* detected driver: xetex
*geometry* verbose mode - [ preamble ] result:
* driver: xetex
* paper: <default>
* layout: <same size as paper>
* layoutoffset:(h,v)=(0.0pt,0.0pt)
* modes: 
* h-part:(L,W,R)=(85.35826pt, 455.8843pt, 56.9055pt)
* v-part:(T,H,B)=(56.9055pt, 732.08942pt, 56.9055pt)
* \paperwidth=598.14806pt
* \paperheight=845.90042pt
* \textwidth=455.8843pt
* \textheight=732.08942pt
* \oddsidemargin=13.08827pt
* \evensidemargin=13.08827pt
* \topmargin=-58.6625pt
* \headheight=12.0pt
* \headsep=31.29802pt
* \topskip=14.0pt
* \footskip=31.29802pt
* \marginparwidth=24.0pt
* \marginparsep=10.0pt
* \columnsep=10.0pt
* \skip\footins=12.0pt plus 4.0pt minus 2.0pt
* \hoffset=0.0pt
* \voffset=0.0pt
* \mag=1000
* \@twocolumnfalse
* \@twosidefalse
* \@mparswitchfalse
* \@reversemarginfalse
* (1in=72.27pt=25.4mm, 1cm=28.453pt)

Package tocstyle Info: prepare \l@part for redefinition on input line 235.
Package tocstyle Info: prepare \l@chapter for redefinition on input line 235.
Package tocstyle Info: prepare \l@section for redefinition on input line 235.
(/usr/share/texlive/texmf-dist/tex/latex/microtype/mt-cmr.cfg
File: mt-cmr.cfg 2013/05/19 v2.2 microtype config. file: Computer Modern Roman 
(RS)
)
Package tocstyle Info: prepare \l@subsection for redefinition on input line 235
.
Package tocstyle Info: prepare \l@table for redefinition on input line 235.
Package tocstyle Info: prepare \l@subtable for redefinition on input line 235.
Package tocstyle Info: prepare \l@figure for redefinition on input line 235.
Package tocstyle Info: prepare \l@subfigure for redefinition on input line 235.

Package lastpage Info: Please have a look at the pageslts package at
(lastpage)             https://www.ctan.org/pkg/pageslts
(lastpage)             ! on input line 235.
 (./report.toc
number indent by \l@... (toc, 0):  0.0pt
text indent by \l@... (toc, 0):  21.59999pt
number indent by parent (toc, 0):  0.0pt
text indent calculated (toc, 0): 18.0pt
number indent calculated (toc, 0): 0.0pt
number indent by \l@... (toc, 0):  0.0pt
text indent by \l@... (toc, 0):  21.59999pt
number indent by parent (toc, 0):  0.0pt
text indent calculated (toc, 0): 18.0pt
number indent calculated (toc, 0): 0.0pt
number indent by \l@... (toc, 0):  0.0pt
text indent by \l@... (toc, 0):  21.59999pt
number indent by parent (toc, 0):  0.0pt
text indent calculated (toc, 0): 18.0pt
number indent calculated (toc, 0): 0.0pt
number indent by \l@... (toc, 0):  0.0pt
text indent by \l@... (toc, 0):  21.59999pt
number indent by parent (toc, 0):  0.0pt
text indent calculated (toc, 0): 18.0pt
number indent calculated (toc, 0): 0.0pt
number indent by \l@... (toc, 1):  21.59999pt
text indent by \l@... (toc, 1):  33.12003pt
number indent by parent (toc, 1):  18.0pt
text indent calculated (toc, 1): 28.79999pt
number indent calculated (toc, 1): 18.0pt
number indent by \l@... (toc, 1):  21.59999pt
text indent by \l@... (toc, 1):  33.12003pt
number indent by parent (toc, 1):  18.0pt
text indent calculated (toc, 1): 28.79999pt
number indent calculated (toc, 1): 18.0pt
number indent by \l@... (toc, 0):  0.0pt
text indent by \l@... (toc, 0):  21.59999pt
number indent by parent (toc, 0):  0.0pt
text indent calculated (toc, 0): 18.0pt
number indent calculated (toc, 0): 0.0pt
number indent by \l@... (toc, 0):  0.0pt
text indent by \l@... (toc, 0):  21.59999pt
number indent by parent (toc, 0):  0.0pt
text indent calculated (toc, 0): 18.0pt
number indent calculated (toc, 0): 0.0pt
number indent by \l@... (toc, 1):  21.59999pt
text indent by \l@... (toc, 1):  33.12003pt
number indent by parent (toc, 1):  18.0pt
text indent calculated (toc, 1): 28.79999pt
number indent calculated (toc, 1): 18.0pt
number indent by \l@... (toc, 1):  21.59999pt
text indent by \l@... (toc, 1):  33.12003pt
number indent by parent (toc, 1):  18.0pt
text indent calculated (toc, 1): 28.79999pt
number indent calculated (toc, 1): 18.0pt
number indent by \l@... (toc, 0):  0.0pt
text indent by \l@... (toc, 0):  21.59999pt
number indent by parent (toc, 0):  0.0pt
text indent calculated (toc, 0): 18.0pt
number indent calculated (toc, 0): 0.0pt
number indent by \l@... (toc, 0):  0.0pt
text indent by \l@... (toc, 0):  21.59999pt
number indent by parent (toc, 0):  0.0pt
text indent calculated (toc, 0): 18.0pt
number indent calculated (toc, 0): 0.0pt
)
\tf@toc=\write3
\openout3 = `report.toc'.

 [1


]
Underfull \hbox (badness 2050) in paragraph at lines 243--244
\TU/TimesNewRoman(0)/m/n/14.4 людей, делая их зависимыми от компьютера. Зависим
ость развилась
 []


Underfull \hbox (badness 1199) in paragraph at lines 243--244
\TU/TimesNewRoman(0)/m/n/14.4 ФКТиПМ. Чтобы отправить ему письмо, совершенно не
 нужно быть
 []

[2]
Глава 1.

Underfull \hbox (badness 10000) in paragraph at lines 249--250
[]\TU/TimesNewRoman(0)/m/n/14.4 Как правило компьютеры и программы, входящие в 
состав
 []


Underfull \hbox (badness 6380) in paragraph at lines 249--250
\TU/TimesNewRoman(0)/m/n/14.4 информационной системы, не являются равноправными
. Некоторые
 []


Underfull \hbox (badness 1442) in paragraph at lines 249--250
\TU/TimesNewRoman(0)/m/n/14.4 Клиент и сервер какого-либо ресурса могут находит
ся как на одном
 []


Underfull \hbox (badness 1472) in paragraph at lines 251--252
\TU/TimesNewRoman(0)/m/n/14.4 можно выделить три группы функций, ориентированны
х на решение
 []


Underfull \hbox (badness 10000) in paragraph at lines 254--255
[]\TU/TimesNewRoman(0)/m/n/14.4 функции ввода и отображения данных (обеспечиваю
т
 []


Underfull \hbox (badness 10000) in paragraph at lines 259--261
[]\TU/TimesNewRoman(0)/m/n/14.4 Выполнение этих функций в основном обеспечивает
ся
 []


Underfull \hbox (badness 10000) in paragraph at lines 259--261
\TU/TimesNewRoman(0)/m/n/14.4 программными средствами, которые можно представит
ь в виде
 []


Underfull \hbox (badness 1590) in paragraph at lines 262--263
[]\TU/TimesNewRoman(0)/m/n/14.4 прикладной компонент реализует алгоритм решения
 конкретной
 []


Underfull \hbox (badness 10000) in paragraph at lines 263--264
[]\TU/TimesNewRoman(0)/m/n/14.4 компонент управления ресурсом обеспечивает дост
уп к
 []


Underfull \hbox (badness 10000) in paragraph at lines 266--267
[]\TU/TimesNewRoman(0)/m/n/14.4 Автономная система (компьютер, не подключенный 
к сети)
 []


Underfull \hbox (badness 5417) in paragraph at lines 266--267
\TU/TimesNewRoman(0)/m/n/14.4 представляет все эти компоненты как на различных 
уровнях (ОС,
 []


Underfull \hbox (badness 2772) in paragraph at lines 266--267
\TU/TimesNewRoman(0)/m/n/14.4 (не характерно для современных программ). Так же 
и сеть — она
 []

[3

]
Underfull \hbox (badness 10000) in paragraph at lines 268--269
[]\TU/TimesNewRoman(0)/m/n/14.4 Архитектура «клиент-сервер» определяет общие пр
инципы
 []


Underfull \hbox (badness 10000) in paragraph at lines 268--269
\TU/TimesNewRoman(0)/m/n/14.4 организации взаимодействия в сети, где имеются се
рверы,
 []


Underfull \hbox (badness 10000) in paragraph at lines 270--271
[]\TU/TimesNewRoman(0)/m/n/14.4 Практические реализации такой архитектуры назыв
аются
 []


Underfull \hbox (badness 10000) in paragraph at lines 270--271
\TU/TimesNewRoman(0)/m/n/14.4 клиент-серверными технологиями. Каждая технология
 определяет
 []


Underfull \hbox (badness 10000) in paragraph at lines 270--271
\TU/TimesNewRoman(0)/m/n/14.4 собственные или использует имеющиеся правила взаи
модействия
 []


Underfull \hbox (badness 2042) in paragraph at lines 272--273
\TU/TimesNewRoman(0)/m/n/14.4 компьютере. Выделенные части приложения взаимодей
ствуют друг с
 []


Underfull \hbox (badness 2042) in paragraph at lines 272--273
\TU/TimesNewRoman(0)/m/n/14.4 другом, обмениваясь сообщениями в заранее согласо
ванном формате.
 []


Underfull \hbox (badness 1975) in paragraph at lines 272--273
\TU/TimesNewRoman(0)/m/n/14.4 В этом случае двухзвенная клиент-серверная архите
ктура становится
 []

[4]
Underfull \hbox (badness 4403) in paragraph at lines 279--281
\TU/TimesNewRoman(0)/m/n/14.4 можно узнать [[]], Трехзвенная архитектура может 
быть расширена
 []


Underfull \hbox (badness 1314) in paragraph at lines 279--281
\TU/TimesNewRoman(0)/m/n/14.4 до многозвенной (N-tier, Multi-tier) путем выделе
ния дополнительных
 []

[5]
Глава 2.

Underfull \hbox (badness 3407) in paragraph at lines 283--284
\TU/TimesNewRoman(0)/m/n/14.4 себя проверенные способы саморекламы: телевидение
, радио, СМИ,
 []


Underfull \hbox (badness 1648) in paragraph at lines 285--286
[]\TU/TimesNewRoman(0)/m/n/14.4 У любой современной компании существует сайт. Э
то один из
 []


Underfull \hbox (badness 2961) in paragraph at lines 287--288
\TU/TimesNewRoman(0)/m/n/14.4 донести информацию максимально быстро до огромног
о количества
 []


Underfull \hbox (badness 4013) in paragraph at lines 287--288
\TU/TimesNewRoman(0)/m/n/14.4 людей, то лучше, чем с помощью собственного сайта
 сделать это
 []


Underfull \hbox (badness 6961) in paragraph at lines 289--290
\TU/TimesNewRoman(0)/m/n/14.4 дизайном и функционалом. Иногда бывает достаточно
 небольшого
 []


Underfull \hbox (badness 10000) in paragraph at lines 291--292
[]\TU/TimesNewRoman(0)/m/n/14.4 Необходимо понимать, что ни один другой ресурс 
не даст
 []


Underfull \hbox (badness 4927) in paragraph at lines 291--292
\TU/TimesNewRoman(0)/m/n/14.4 столько преимуществ, сколько собственный сайт, бу
дь это визитка,
 []


Underfull \hbox (badness 10000) in paragraph at lines 293--294
[]\TU/TimesNewRoman(0)/m/n/14.4 Нужно отметить, что одним только созданием сайт
а дело
 []


Underfull \hbox (badness 7963) in paragraph at lines 293--294
\TU/TimesNewRoman(0)/m/n/14.4 не ограничится. Его будет необходимо развивать и 
поддерживать,
 []

[6

] [7]
Глава 3.
File: pictures/head.png Graphic file (type bmp)
<pictures/head.png>

Underfull \hbox (badness 1721) in paragraph at lines 303--309
\TU/TimesNewRoman(0)/m/n/14.4 в базе данных и подгружаются автоматически. Админ
истратор сайта
 []

[8

]
File: pictures/wishes.png Graphic file (type bmp)
<pictures/wishes.png>
File: pictures/text_and_button.png Graphic file (type bmp)
<pictures/text_and_button.png>
 [9]
Underfull \hbox (badness 10000) in paragraph at lines 332--333
[]\TU/TimesNewRoman(0)/m/n/14.4 разработка дизайна оформления, делающего сайт б
олее
 []


Underfull \hbox (badness 7504) in paragraph at lines 333--334
[]\TU/TimesNewRoman(0)/m/n/14.4 создание удобного интерфейса для возможности ко
мфортного
 []

File: pictures/answer.png Graphic file (type bmp)
<pictures/answer.png>
[10]
Underfull \hbox (badness 3568) in paragraph at lines 348--349
[]\TU/TimesNewRoman(0)/m/n/14.4 если счет отрицательный, рассматривать только о
трицательные
 []


Underfull \hbox (badness 1281) in paragraph at lines 349--350
[]\TU/TimesNewRoman(0)/m/n/14.4 если счет положительный, рассматривать только п
оложительные
 []

[11]
Underfull \hbox (badness 1838) in paragraph at lines 361--362
\TU/TimesNewRoman(0)/m/n/14.4 стиль. Если, например, количество очков лежит в п
ределах от 0 до
 []


Underfull \hbox (badness 3872) in paragraph at lines 365--368
\TU/TimesNewRoman(0)/m/n/14.4 компьютерными программами, при котором ода програ
мма (клиент)
 []


Underfull \hbox (badness 1888) in paragraph at lines 365--368
\TU/TimesNewRoman(0)/m/n/14.4 направляет запрос к другой программе (серверу), к
оторая выполняет
 []


Underfull \hbox (badness 3386) in paragraph at lines 365--368
\TU/TimesNewRoman(0)/m/n/14.4 к одной общей серверной программе. Например, веб-
браузер – это
 []


Underfull \hbox (badness 1895) in paragraph at lines 365--368
\TU/TimesNewRoman(0)/m/n/14.4 клиентская программа, обращающаяся с запросами (н
а отправку веб
 []


Underfull \hbox (badness 2653) in paragraph at lines 365--368
\TU/TimesNewRoman(0)/m/n/14.4 приложение Apache, в нем хранится СУБД, к котором
у обращается
 []


Underfull \hbox (badness 2376) in paragraph at lines 365--368
\TU/TimesNewRoman(0)/m/n/14.4 клиентская часть. Примером работы клиент-сервера 
является выдача
 []

[12]
Глава 4.
File: pictures/bd.png Graphic file (type bmp)
<pictures/bd.png>
File: pictures/screnshot.png Graphic file (type bmp)
<pictures/screnshot.png>
[13

] [14]
Глава 5.
Package microtype Info: Loading generic protrusion settings for font family
(microtype)             `lmtt' (encoding: TU).
(microtype)             For optimal results, create family-specific settings.
(microtype)             See the microtype manual for details.

Overfull \hbox (8.35713pt too wide) in paragraph at lines 453--453
[]\TU/lmtt/m/n/14.4 <link href="styles/style.css" rel="stylesheet" type="text/c
ss">[] 
 []

Missing character: There is no П in font [lmmono12-regular]:!
Missing character: There is no о in font [lmmono12-regular]:!
Missing character: There is no ж in font [lmmono12-regular]:!
Missing character: There is no е in font [lmmono12-regular]:!
Missing character: There is no л in font [lmmono12-regular]:!
Missing character: There is no а in font [lmmono12-regular]:!
Missing character: There is no н in font [lmmono12-regular]:!
Missing character: There is no и in font [lmmono12-regular]:!
Missing character: There is no я in font [lmmono12-regular]:!
Missing character: There is no д in font [lmmono12-regular]:!
Missing character: There is no л in font [lmmono12-regular]:!
Missing character: There is no я in font [lmmono12-regular]:!
Missing character: There is no Д in font [lmmono12-regular]:!
Missing character: There is no е in font [lmmono12-regular]:!
Missing character: There is no д in font [lmmono12-regular]:!
Missing character: There is no а in font [lmmono12-regular]:!
Missing character: There is no М in font [lmmono12-regular]:!
Missing character: There is no о in font [lmmono12-regular]:!
Missing character: There is no р in font [lmmono12-regular]:!
Missing character: There is no о in font [lmmono12-regular]:!
Missing character: There is no з in font [lmmono12-regular]:!
Missing character: There is no а in font [lmmono12-regular]:!
Missing character: There is no О in font [lmmono12-regular]:!
Missing character: There is no ф in font [lmmono12-regular]:!
Missing character: There is no и in font [lmmono12-regular]:!
Missing character: There is no ц in font [lmmono12-regular]:!
Missing character: There is no и in font [lmmono12-regular]:!
Missing character: There is no а in font [lmmono12-regular]:!
Missing character: There is no л in font [lmmono12-regular]:!
Missing character: There is no ь in font [lmmono12-regular]:!
Missing character: There is no н in font [lmmono12-regular]:!
Missing character: There is no ы in font [lmmono12-regular]:!
Missing character: There is no й in font [lmmono12-regular]:!
Missing character: There is no с in font [lmmono12-regular]:!
Missing character: There is no а in font [lmmono12-regular]:!
Missing character: There is no й in font [lmmono12-regular]:!
Missing character: There is no т in font [lmmono12-regular]:!
Missing character: There is no Д in font [lmmono12-regular]:!
Missing character: There is no е in font [lmmono12-regular]:!
Missing character: There is no д in font [lmmono12-regular]:!
Missing character: There is no у in font [lmmono12-regular]:!
Missing character: There is no ш in font [lmmono12-regular]:!
Missing character: There is no к in font [lmmono12-regular]:!
Missing character: There is no и in font [lmmono12-regular]:!
Missing character: There is no М in font [lmmono12-regular]:!
Missing character: There is no о in font [lmmono12-regular]:!
Missing character: There is no р in font [lmmono12-regular]:!
Missing character: There is no о in font [lmmono12-regular]:!
Missing character: There is no з in font [lmmono12-regular]:!
Missing character: There is no а in font [lmmono12-regular]:!
Missing character: There is no Ф in font [lmmono12-regular]:!
Missing character: There is no К in font [lmmono12-regular]:!
Missing character: There is no Т in font [lmmono12-regular]:!
Missing character: There is no и in font [lmmono12-regular]:!
Missing character: There is no П in font [lmmono12-regular]:!
Missing character: There is no М in font [lmmono12-regular]:!
[15

]
Missing character: There is no Д in font [lmmono12-regular]:!
Missing character: There is no о in font [lmmono12-regular]:!
Missing character: There is no р in font [lmmono12-regular]:!
Missing character: There is no о in font [lmmono12-regular]:!
Missing character: There is no г in font [lmmono12-regular]:!
Missing character: There is no о in font [lmmono12-regular]:!
Missing character: There is no й in font [lmmono12-regular]:!
Missing character: There is no Д in font [lmmono12-regular]:!
Missing character: There is no е in font [lmmono12-regular]:!
Missing character: There is no д in font [lmmono12-regular]:!
Missing character: There is no у in font [lmmono12-regular]:!
Missing character: There is no ш in font [lmmono12-regular]:!
Missing character: There is no к in font [lmmono12-regular]:!
Missing character: There is no а in font [lmmono12-regular]:!
Missing character: There is no М in font [lmmono12-regular]:!
Missing character: There is no о in font [lmmono12-regular]:!
Missing character: There is no р in font [lmmono12-regular]:!
Missing character: There is no о in font [lmmono12-regular]:!
Missing character: There is no з in font [lmmono12-regular]:!
Missing character: There is no М in font [lmmono12-regular]:!
Missing character: There is no е in font [lmmono12-regular]:!
Missing character: There is no н in font [lmmono12-regular]:!
Missing character: There is no я in font [lmmono12-regular]:!
Missing character: There is no з in font [lmmono12-regular]:!
Missing character: There is no о in font [lmmono12-regular]:!
Missing character: There is no в in font [lmmono12-regular]:!
Missing character: There is no у in font [lmmono12-regular]:!
Missing character: There is no т in font [lmmono12-regular]:!
Missing character: There is no М in font [lmmono12-regular]:!
Missing character: There is no н in font [lmmono12-regular]:!
Missing character: There is no е in font [lmmono12-regular]:!
Missing character: There is no у in font [lmmono12-regular]:!
Missing character: There is no ж in font [lmmono12-regular]:!
Missing character: There is no е in font [lmmono12-regular]:!
Missing character: There is no и in font [lmmono12-regular]:!
Missing character: There is no с in font [lmmono12-regular]:!
Missing character: There is no п in font [lmmono12-regular]:!
Missing character: There is no о in font [lmmono12-regular]:!
Missing character: There is no л in font [lmmono12-regular]:!
Missing character: There is no н in font [lmmono12-regular]:!
Missing character: There is no и in font [lmmono12-regular]:!
Missing character: There is no л in font [lmmono12-regular]:!
Missing character: There is no о in font [lmmono12-regular]:!
Missing character: There is no с in font [lmmono12-regular]:!
Missing character: There is no ь in font [lmmono12-regular]:!
Missing character: There is no Я in font [lmmono12-regular]:!
Missing character: There is no и in font [lmmono12-regular]:!
Missing character: There is no з in font [lmmono12-regular]:!
Missing character: There is no г in font [lmmono12-regular]:!
Missing character: There is no о in font [lmmono12-regular]:!
Missing character: There is no р in font [lmmono12-regular]:!
Missing character: There is no о in font [lmmono12-regular]:!
Missing character: There is no д in font [lmmono12-regular]:!
Missing character: There is no а in font [lmmono12-regular]:!
Missing character: There is no М in font [lmmono12-regular]:!
Missing character: There is no а in font [lmmono12-regular]:!
Missing character: There is no л in font [lmmono12-regular]:!
Missing character: There is no ь in font [lmmono12-regular]:!
Missing character: There is no ч in font [lmmono12-regular]:!
Missing character: There is no и in font [lmmono12-regular]:!
Missing character: There is no к in font [lmmono12-regular]:!
Missing character: There is no Д in font [lmmono12-regular]:!
Missing character: There is no е in font [lmmono12-regular]:!
Missing character: There is no в in font [lmmono12-regular]:!
Missing character: There is no о in font [lmmono12-regular]:!
Missing character: There is no ч in font [lmmono12-regular]:!
Missing character: There is no к in font [lmmono12-regular]:!
Missing character: There is no а in font [lmmono12-regular]:!
Missing character: There is no Ж in font [lmmono12-regular]:!
Missing character: There is no е in font [lmmono12-regular]:!
Missing character: There is no л in font [lmmono12-regular]:!
Missing character: There is no а in font [lmmono12-regular]:!
Missing character: There is no ю in font [lmmono12-regular]:!
Missing character: There is no т in font [lmmono12-regular]:!
Missing character: There is no е in font [lmmono12-regular]:!
Missing character: There is no б in font [lmmono12-regular]:!
Missing character: There is no е in font [lmmono12-regular]:!
Missing character: There is no Д in font [lmmono12-regular]:!
Missing character: There is no е in font [lmmono12-regular]:!
Missing character: There is no д in font [lmmono12-regular]:!
Missing character: There is no у in font [lmmono12-regular]:!
Missing character: There is no ш in font [lmmono12-regular]:!
Missing character: There is no к in font [lmmono12-regular]:!
Missing character: There is no а in font [lmmono12-regular]:!
Missing character: There is no М in font [lmmono12-regular]:!
Missing character: There is no о in font [lmmono12-regular]:!
Missing character: There is no р in font [lmmono12-regular]:!
Missing character: There is no о in font [lmmono12-regular]:!
Missing character: There is no з in font [lmmono12-regular]:!
Missing character: There is no И in font [lmmono12-regular]:!
Missing character: There is no х in font [lmmono12-regular]:!
Missing character: There is no о in font [lmmono12-regular]:!
Missing character: There is no ч in font [lmmono12-regular]:!
Missing character: There is no у in font [lmmono12-regular]:!
Missing character: There is no с in font [lmmono12-regular]:!
Missing character: There is no к in font [lmmono12-regular]:!
Missing character: There is no а in font [lmmono12-regular]:!
Missing character: There is no з in font [lmmono12-regular]:!
Missing character: There is no а in font [lmmono12-regular]:!
Missing character: There is no т in font [lmmono12-regular]:!
Missing character: There is no ь in font [lmmono12-regular]:!
Missing character: There is no С in font [lmmono12-regular]:!
Missing character: There is no Н in font [lmmono12-regular]:!
Missing character: There is no о in font [lmmono12-regular]:!
Missing character: There is no в in font [lmmono12-regular]:!
Missing character: There is no ы in font [lmmono12-regular]:!
Missing character: There is no м in font [lmmono12-regular]:!
Missing character: There is no Г in font [lmmono12-regular]:!
Missing character: There is no о in font [lmmono12-regular]:!
Missing character: There is no д in font [lmmono12-regular]:!
Missing character: There is no о in font [lmmono12-regular]:!
Missing character: There is no м in font [lmmono12-regular]:!
Missing character: There is no О in font [lmmono12-regular]:!
Missing character: There is no т in font [lmmono12-regular]:!
Missing character: There is no о in font [lmmono12-regular]:!
Missing character: There is no с in font [lmmono12-regular]:!
Missing character: There is no л in font [lmmono12-regular]:!
Missing character: There is no а in font [lmmono12-regular]:!
Missing character: There is no т in font [lmmono12-regular]:!
Missing character: There is no ь in font [lmmono12-regular]:!
Missing character: There is no п in font [lmmono12-regular]:!
Missing character: There is no и in font [lmmono12-regular]:!
Missing character: There is no с in font [lmmono12-regular]:!
Missing character: There is no ь in font [lmmono12-regular]:!
Missing character: There is no м in font [lmmono12-regular]:!
Missing character: There is no о in font [lmmono12-regular]:!
Missing character: There is no Д in font [lmmono12-regular]:!
Missing character: There is no е in font [lmmono12-regular]:!
Missing character: There is no д in font [lmmono12-regular]:!
Missing character: There is no у in font [lmmono12-regular]:!
Missing character: There is no ш in font [lmmono12-regular]:!
Missing character: There is no к in font [lmmono12-regular]:!
Missing character: There is no е in font [lmmono12-regular]:!
Missing character: There is no М in font [lmmono12-regular]:!
Missing character: There is no о in font [lmmono12-regular]:!
Missing character: There is no р in font [lmmono12-regular]:!
Missing character: There is no о in font [lmmono12-regular]:!
Missing character: There is no з in font [lmmono12-regular]:!
Missing character: There is no у in font [lmmono12-regular]:!
 [16]
Missing character: There is no В in font [lmmono12-regular]:!
Missing character: There is no о in font [lmmono12-regular]:!
Missing character: There is no т in font [lmmono12-regular]:!
Missing character: There is no с in font [lmmono12-regular]:!
Missing character: There is no п in font [lmmono12-regular]:!
Missing character: There is no и in font [lmmono12-regular]:!
Missing character: There is no с in font [lmmono12-regular]:!
Missing character: There is no о in font [lmmono12-regular]:!
Missing character: There is no к in font [lmmono12-regular]:!
Missing character: There is no т in font [lmmono12-regular]:!
Missing character: There is no в in font [lmmono12-regular]:!
Missing character: There is no о in font [lmmono12-regular]:!
Missing character: There is no и in font [lmmono12-regular]:!
Missing character: There is no х in font [lmmono12-regular]:!
Missing character: There is no п in font [lmmono12-regular]:!
Missing character: There is no о in font [lmmono12-regular]:!
Missing character: There is no д in font [lmmono12-regular]:!
Missing character: There is no а in font [lmmono12-regular]:!
Missing character: There is no р in font [lmmono12-regular]:!
Missing character: There is no к in font [lmmono12-regular]:!
Missing character: There is no о in font [lmmono12-regular]:!
Missing character: There is no в in font [lmmono12-regular]:!
 [17]
Missing character: There is no Х in font [lmmono12-regular]:!
Missing character: There is no о in font [lmmono12-regular]:!
Missing character: There is no Х in font [lmmono12-regular]:!
Missing character: There is no о in font [lmmono12-regular]:!
 [18]
Underfull \hbox (badness 1077) in paragraph at lines 510--511
[]\TU/TimesNewRoman(0)/m/n/14.4 В рамках зачётной работы были рассмотрены основ
ные методы
 []


Underfull \hbox (badness 3291) in paragraph at lines 510--511
\TU/TimesNewRoman(0)/m/n/14.4 проектировки и написания сайтов сети Интернет. В 
результате для
 []


Underfull \hbox (badness 1087) in paragraph at lines 512--513
[]\TU/TimesNewRoman(0)/m/n/14.4 Были изучены основные технологии создания веб п
риложений -
 []


Underfull \hbox (badness 3049) in paragraph at lines 512--513
\TU/TimesNewRoman(0)/m/n/14.4 веб сервера Apache на платформе Linux. Рассмотрен
ы возможности
 []

[19]
Underfull \hbox (badness 10000) in paragraph at lines 536--537
[]\TU/TimesNewRoman(0)/m/n/14.4 Почему не стоит использовать двухуровневую архи
тектуру
 []


Underfull \hbox (badness 10000) in paragraph at lines 536--537
\TU/TimesNewRoman(0)/m/n/14.4 при разработке клиент-серверных приложений / (Ru)
  $\OMS/cmsy/m/n/14.4 ^^@$ \TU/TimesNewRoman(0)/m/n/14.4 URL:
 []


Package caption Warning: Unused \captionsetup[subfigure] on input line 52.
See the caption package documentation for explanation.


AED: lastpage setting LastPage
[20

] (./report.aux)

 *File List*
extreport.cls    1996/10/08 v1.0 Non Standard LaTeX document class
  size14.clo    1999/11/11 v1.4a NON-Standard LaTeX file (size option)
 exscale.sty    2014/09/29 v2.1h Standard LaTeX package exscale
fontspec.sty    2017/11/09 v2.6g Font selection for XeLaTeX and LuaLaTeX
  xparse.sty    2018/02/21 L3 Experimental document command parser
   expl3.sty    2018/02/21 L3 programming layer (loader) 
expl3-code.tex    2018/02/21 L3 programming layer 
l3xdvipdfmx.def    
fontspec-xetex.sty    2017/11/09 v2.6g Font selection for XeLaTeX and LuaLaTeX
 fontenc.sty
   tuenc.def    2017/04/05 v2.0i Standard LaTeX file
fontspec.cfg
mathtools.sty    2018/01/08 v1.21 mathematical typesetting tools
  keyval.sty    2014/10/28 v1.15 key=value parser (DPC)
    calc.sty    2014/10/28 v4.3 Infix arithmetic (KKT,FJ)
 mhsetup.sty    2017/03/31 v1.3 programming setup (MH)
 amsmath.sty    2017/09/02 v2.17a AMS math features
 amstext.sty    2000/06/29 v2.01 AMS text
  amsgen.sty    1999/11/30 v2.0 generic functions
  amsbsy.sty    1999/11/29 v1.2d Bold Symbols
  amsopn.sty    2016/03/08 v2.02 operator names
graphicx.sty    2017/06/01 v1.1a Enhanced LaTeX Graphics (DPC,SPQR)
graphics.sty    2017/06/25 v1.2c Standard LaTeX Graphics (DPC,SPQR)
    trig.sty    2016/01/03 v1.10 sin cos tan (DPC)
graphics.cfg    2016/06/04 v1.11 sample graphics configuration
   xetex.def    2017/06/24 v5.0h Graphics/color driver for xetex
subcaption.sty    2016/05/22 v1.1-161 Sub-captions (AR)
 caption.sty    2016/02/21 v3.3-144 Customizing captions (AR)
caption3.sty    2016/05/22 v1.7-166 caption3 kernel (AR)
   babel.sty    2018/02/14 3.18 The Babel package
russianb.ldf
tabularx.sty    2016/02/03 v2.11 `tabularx' package (DPC)
   array.sty    2016/10/06 v2.4d Tabular extension package (FMi)
newfloat.sty    2015/09/17 v1.1-109 Defining new floating environments (AR)
enumitem.sty    2011/09/28 v3.5.2 Customized lists
indentfirst.sty    1995/11/23 v1.03 Indent first paragraph (DPC)
hyphenat.sty    2009/09/02 v2.3c hyphenation utilities
     url.sty    2013/09/16  ver 3.4  Verb mode for urls, etc.
microtype.sty    2018/01/14 v2.7a Micro-typographical refinements (RS)
microtype-xetex.def    2018/01/14 v2.7a Definitions specific to xetex (RS)
microtype.cfg    2018/01/14 v2.7a microtype main configuration file (RS)
 vmargin.sty    2004/07/15 V2.5 set document margins (VK)
geometry.sty    2010/09/12 v5.6 Page Geometry
   ifpdf.sty    2017/03/15 v3.2 Provides the ifpdf switch
  ifvtex.sty    2016/05/16 v1.6 Detect VTeX and its facilities (HO)
 ifxetex.sty    2010/09/12 v0.6 Provides ifxetex conditional
titlesec.sty    2016/03/21 v2.10.2 Sectioning titles
  lipsum.sty    2014/07/27 v1.3 150 paragraphs of Lorem Ipsum dummy text
tocstyle.sty    2017/02/23 v0.2i-alpha KOMA-Script package (versatile toc style
s)
   float.sty    2001/11/08 v1.3d Float enhancements (AL)
lastpage.sty    2015/03/29 v1.2m Refers to last page's name (HMM; JPG)
etoolbox.sty    2018/02/11 v2.5e e-TeX tools for LaTeX (JAW)
  layout.sty    2014/10/28 v1.2c Show layout parameters
  mt-cmr.cfg    2013/05/19 v2.2 microtype config. file: Computer Modern Roman (
RS)
pictures/head.png
pictures/wishes.png
pictures/text_and_button.png
pictures/answer.png
pictures/bd.png
pictures/screnshot.png
 ***********

 ) 
Here is how much of TeX's memory you used:
 17297 strings out of 494173
 352153 string characters out of 6167614
 583600 words of memory out of 5000000
 21005 multiletter control sequences out of 15000+600000
 531756 words of font info for 42 fonts, out of 8000000 for 9000
 704 hyphenation exceptions out of 8191
 42i,6n,65p,10418b,372s stack positions out of 5000i,500n,10000p,200000b,80000s

Output written on report.pdf (20 pages).
